0 info it worked if it ends with ok
1 verbose cli [ 'C:\\Program Files\\nodejs\\node.exe',
1 verbose cli   'C:\\Program Files\\nodejs\\node_modules\\npm\\bin\\npm-cli.js',
1 verbose cli   'run',
1 verbose cli   'build' ]
2 info using npm@4.1.2
3 info using node@v7.5.0
4 verbose run-script [ 'prebuild', 'build', 'postbuild' ]
5 info lifecycle truffle-init-webpack@0.0.1~prebuild: truffle-init-webpack@0.0.1
6 silly lifecycle truffle-init-webpack@0.0.1~prebuild: no script for prebuild, continuing
7 info lifecycle truffle-init-webpack@0.0.1~build: truffle-init-webpack@0.0.1
8 verbose lifecycle truffle-init-webpack@0.0.1~build: unsafe-perm in lifecycle true
9 verbose lifecycle truffle-init-webpack@0.0.1~build: PATH: C:\Program Files\nodejs\node_modules\npm\bin\node-gyp-bin;C:\work\programming\ethereum\lendroid\lendroid-smart-lending\node_modules\.bin;C:\ProgramData\Oracle\Java\javapath;C:\Program Files (x86)\Lenovo\FusionEngine;C:\Program Files (x86)\NVIDIA Corporation\PhysX\Common;C:\Program Files (x86)\Intel\iCLS Client\;C:\Program Files\Intel\iCLS Client\;C:\WINDOWS\system32;C:\WINDOWS;C:\WINDOWS\System32\Wbem;C:\WINDOWS\System32\WindowsPowerShell\v1.0\;C:\Program Files\Intel\Intel(R) Management Engine Components\DAL;C:\Program Files (x86)\Intel\Intel(R) Management Engine Components\DAL;C:\Program Files\Intel\Intel(R) Management Engine Components\IPT;C:\Program Files (x86)\Intel\Intel(R) Management Engine Components\IPT;C:\Program Files (x86)\Lenovo\Motion Control\;C:\Program Files\Intel\WiFi\bin\;C:\Program Files\Common Files\Intel\WirelessCommon\;C:\Python27\;C:\Python27\Scripts\;C:\Program Files (x86)\Microsoft SQL Server\80\Tools\Binn\;C:\Program Files (x86)\GnuWin32\bin\;C:\wamp\bin\php\php5.5.12;C:\ProgramData\chocolatey\bin;C:\WINDOWS\system32;C:\WINDOWS;C:\WINDOWS\System32\Wbem;C:\WINDOWS\System32\WindowsPowerShell\v1.0\;C:\Program Files\wkhtmltopdf\bin\;C:\Program Files\nodejs\;C:\Program Files (x86)\Yarn\bin;C:\Program Files (x86)\Skype\Phone\;C:\Program Files\Git\cmd;C:\Program Files (x86)\Windows Kits\8.1\Windows Performance Toolkit\;C:\Users\vignesh.msundaram\AppData\Local\Programs\Python\Python35\Scripts\;C:\Users\vignesh.msundaram\AppData\Local\Programs\Python\Python35\;C:\Ruby23-x64\bin;C:\Users\vignesh.msundaram\AppData\Roaming\Sublime Text 3\Packages\User\MavensMate\mm;C:\Program Files (x86)\Google\google_appengine\;C:\Users\vignesh.msundaram\AppData\Local\Microsoft\WindowsApps;C:\Users\vignesh.msundaram\AppData\Local\Google\Cloud SDK\google-cloud-sdk\bin;C:\Users\vignesh.msundaram\AppData\Roaming\npm;C:\Users\vignesh.msundaram\AppData\Local\Yarn\.bin;C:\Users\vignesh.msundaram\AppData\Local\Android\sdk\tools;C:\Users\vignesh.msundaram\AppData\Local\Android\sdk\platform-tools;C:\Program Files (x86)\Microsoft VS Code\bin
10 verbose lifecycle truffle-init-webpack@0.0.1~build: CWD: C:\work\programming\ethereum\lendroid\lendroid-smart-lending
11 silly lifecycle truffle-init-webpack@0.0.1~build: Args: [ '/d /s /c', 'webpack' ]
12 silly lifecycle truffle-init-webpack@0.0.1~build: Returned: code: 2  signal: null
13 info lifecycle truffle-init-webpack@0.0.1~build: Failed to exec build script
14 verbose stack Error: truffle-init-webpack@0.0.1 build: `webpack`
14 verbose stack Exit status 2
14 verbose stack     at EventEmitter.<anonymous> (C:\Program Files\nodejs\node_modules\npm\lib\utils\lifecycle.js:279:16)
14 verbose stack     at emitTwo (events.js:106:13)
14 verbose stack     at EventEmitter.emit (events.js:192:7)
14 verbose stack     at ChildProcess.<anonymous> (C:\Program Files\nodejs\node_modules\npm\lib\utils\spawn.js:40:14)
14 verbose stack     at emitTwo (events.js:106:13)
14 verbose stack     at ChildProcess.emit (events.js:192:7)
14 verbose stack     at maybeClose (internal/child_process.js:890:16)
14 verbose stack     at Process.ChildProcess._handle.onexit (internal/child_process.js:226:5)
15 verbose pkgid truffle-init-webpack@0.0.1
16 verbose cwd C:\work\programming\ethereum\lendroid\lendroid-smart-lending
17 error Windows_NT 10.0.14393
18 error argv "C:\\Program Files\\nodejs\\node.exe" "C:\\Program Files\\nodejs\\node_modules\\npm\\bin\\npm-cli.js" "run" "build"
19 error node v7.5.0
20 error npm  v4.1.2
21 error code ELIFECYCLE
22 error truffle-init-webpack@0.0.1 build: `webpack`
22 error Exit status 2
23 error Failed at the truffle-init-webpack@0.0.1 build script 'webpack'.
23 error Make sure you have the latest version of node.js and npm installed.
23 error If you do, this is most likely a problem with the truffle-init-webpack package,
23 error not with npm itself.
23 error Tell the author that this fails on your system:
23 error     webpack
23 error You can get information on how to open an issue for this project with:
23 error     npm bugs truffle-init-webpack
23 error Or if that isn't available, you can get their info via:
23 error     npm owner ls truffle-init-webpack
23 error There is likely additional logging output above.
24 verbose exit [ 1, true ]
